#
# There is insufficient memory for the Java Runtime Environment to continue.
# Native memory allocation (malloc) failed to allocate 1314896 bytes for Chunk::new
# Possible reasons:
#   The system is out of physical RAM or swap space
#   The process is running with CompressedOops enabled, and the Java Heap may be blocking the growth of the native heap
# Possible solutions:
#   Reduce memory load on the system
#   Increase physical memory or swap space
#   Check if swap backing store is full
#   Decrease Java heap size (-Xmx/-Xms)
#   Decrease number of Java threads
#   Decrease Java thread stack sizes (-Xss)
#   Set larger code cache with -XX:ReservedCodeCacheSize=
#   JVM is running with Zero Based Compressed Oops mode in which the Java heap is
#     placed in the first 32GB address space. The Java Heap base address is the
#     maximum limit for the native heap growth. Please use -XX:HeapBaseMinAddress
#     to set the Java Heap base and to place the Java Heap above 32GB virtual address.
# This output file may be truncated or incomplete.
#
#  Out of Memory Error (arena.cpp:195), pid=17632, tid=6584
#
# JRE version: OpenJDK Runtime Environment (16.0.1+9) (build 16.0.1+9-24)
# Java VM: OpenJDK 64-Bit Server VM (16.0.1+9-24, mixed mode, tiered, compressed oops, compressed class ptrs, g1 gc, windows-amd64)
# No core dump will be written. Minidumps are not enabled by default on client versions of Windows
#

---------------  S U M M A R Y ------------

Command Line: -Dmaven.home=EMBEDDED -Dclassworlds.conf=C:\Users\Vijay\eclipse-workspace\cobalToJava\.metadata\.plugins\org.eclipse.m2e.launching\launches\m2conf6809648934859924627.tmp -Dmaven.multiModuleProjectDirectory=F:\Projects\CobaltJavaConversion\IBM\lgacdb01_SBT -Dfile.encoding=Cp1252 -XX:+ShowCodeDetailsInExceptionMessages org.codehaus.plexus.classworlds.launcher.Launcher -B clean compile package

Host: Intel(R) Core(TM) i5-5200U CPU @ 2.20GHz, 4 cores, 11G,  Windows 10 , 64 bit Build 18362 (10.0.18362.1316)
Time: Sun Nov 28 00:14:21 2021 India Standard Time elapsed time: 56.076938 seconds (0d 0h 0m 56s)

---------------  T H R E A D  ---------------

Current thread (0x0000021d5742b220):  JavaThread "C2 CompilerThread0" daemon [_thread_in_native, id=6584, stack(0x0000003199100000,0x0000003199200000)]


Current CompileTask:
C2:  56077 7954       4       lombok.javac.JavacAST::buildTree (176 bytes)

Stack: [0x0000003199100000,0x0000003199200000]
Native frames: (J=compiled Java code, j=interpreted, Vv=VM code, C=native code)
V  [jvm.dll+0x6687ca]
V  [jvm.dll+0x7ca3c9]
V  [jvm.dll+0x7cbb53]
V  [jvm.dll+0x7cc1b3]
V  [jvm.dll+0x242ea5]
V  [jvm.dll+0xadeca]
V  [jvm.dll+0xae5ac]
V  [jvm.dll+0x35aed2]
V  [jvm.dll+0x3253d1]
V  [jvm.dll+0x32487a]
V  [jvm.dll+0x215f3c]
V  [jvm.dll+0x215350]
V  [jvm.dll+0x1a1d9b]
V  [jvm.dll+0x2253a8]
V  [jvm.dll+0x2233ec]
V  [jvm.dll+0x780002]
V  [jvm.dll+0x779b4a]
V  [jvm.dll+0x667666]
C  [ucrtbase.dll+0x210b2]
C  [KERNEL32.DLL+0x17c24]
C  [ntdll.dll+0x6d4d1]


---------------  P R O C E S S  ---------------

Threads class SMR info:
_java_thread_list=0x0000021d5b4fe220, length=13, elements={
0x0000021d3ae1f740, 0x0000021d574002c0, 0x0000021d57401ba0, 0x0000021d56a25060,
0x0000021d57425010, 0x0000021d57425920, 0x0000021d5742a440, 0x0000021d5742b220,
0x0000021d574a0670, 0x0000021d574a3380, 0x0000021d575987a0, 0x0000021d57598fb0,
0x0000021d59caee30
}

Java Threads: ( => current thread )
  0x0000021d3ae1f740 JavaThread "main" [_thread_in_vm, id=14432, stack(0x0000003198400000,0x0000003198500000)]
  0x0000021d574002c0 JavaThread "Reference Handler" daemon [_thread_blocked, id=13428, stack(0x0000003198b00000,0x0000003198c00000)]
  0x0000021d57401ba0 JavaThread "Finalizer" daemon [_thread_blocked, id=3232, stack(0x0000003198c00000,0x0000003198d00000)]
  0x0000021d56a25060 JavaThread "Signal Dispatcher" daemon [_thread_blocked, id=9632, stack(0x0000003198d00000,0x0000003198e00000)]
  0x0000021d57425010 JavaThread "Attach Listener" daemon [_thread_blocked, id=15916, stack(0x0000003198e00000,0x0000003198f00000)]
  0x0000021d57425920 JavaThread "Service Thread" daemon [_thread_blocked, id=5788, stack(0x0000003198f00000,0x0000003199000000)]
  0x0000021d5742a440 JavaThread "Monitor Deflation Thread" daemon [_thread_blocked, id=18056, stack(0x0000003199000000,0x0000003199100000)]
=>0x0000021d5742b220 JavaThread "C2 CompilerThread0" daemon [_thread_in_native, id=6584, stack(0x0000003199100000,0x0000003199200000)]
  0x0000021d574a0670 JavaThread "C1 CompilerThread0" daemon [_thread_in_native, id=9372, stack(0x0000003199200000,0x0000003199300000)]
  0x0000021d574a3380 JavaThread "Sweeper thread" daemon [_thread_blocked, id=17624, stack(0x0000003199300000,0x0000003199400000)]
  0x0000021d575987a0 JavaThread "Notification Thread" daemon [_thread_blocked, id=9112, stack(0x0000003199400000,0x0000003199500000)]
  0x0000021d57598fb0 JavaThread "Common-Cleaner" daemon [_thread_blocked, id=4100, stack(0x0000003199600000,0x0000003199700000)]
  0x0000021d59caee30 JavaThread "resolver-1" daemon [_thread_blocked, id=15100, stack(0x0000003199c00000,0x0000003199d00000)]

Other Threads:
  0x0000021d569ffea0 VMThread "VM Thread" [stack: 0x0000003198a00000,0x0000003198b00000] [id=18112]
  0x0000021d57598cc0 WatcherThread [stack: 0x0000003199500000,0x0000003199600000] [id=14100]
  0x0000021d3ae641d0 GCTaskThread "GC Thread#0" [stack: 0x0000003198500000,0x0000003198600000] [id=15688]
  0x0000021d57e60a30 GCTaskThread "GC Thread#1" [stack: 0x0000003199700000,0x0000003199800000] [id=14368]
  0x0000021d57b18990 GCTaskThread "GC Thread#2" [stack: 0x0000003199800000,0x0000003199900000] [id=5224]
  0x0000021d57b18ca0 GCTaskThread "GC Thread#3" [stack: 0x0000003199900000,0x0000003199a00000] [id=13216]
  0x0000021d3ae72170 ConcurrentGCThread "G1 Main Marker" [stack: 0x0000003198600000,0x0000003198700000] [id=18020]
  0x0000021d3ae748d0 ConcurrentGCThread "G1 Conc#0" [stack: 0x0000003198700000,0x0000003198800000] [id=18060]
  0x0000021d3aed2310 ConcurrentGCThread "G1 Refine#0" [stack: 0x0000003198800000,0x0000003198900000] [id=8504]
  0x0000021d57e33a90 ConcurrentGCThread "G1 Refine#1" [stack: 0x0000003199a00000,0x0000003199b00000] [id=14944]
  0x0000021d3aed4540 ConcurrentGCThread "G1 Service" [stack: 0x0000003198900000,0x0000003198a00000] [id=1836]

Threads with active compile tasks:
C2 CompilerThread0    56139 7954       4       lombok.javac.JavacAST::buildTree (176 bytes)
C2 CompilerThread1    56139 7960       4       java.util.regex.Matcher::matches (10 bytes)

VM state: not at safepoint (normal execution)

VM Mutex/Monitor currently owned by a thread: None

Heap address: 0x0000000741200000, size: 3054 MB, Compressed Oops mode: Zero based, Oop shift amount: 3

CDS disabled.
Compressed class space mapped at: 0x0000000800000000-0x0000000840000000, reserved size: 1073741824
Narrow klass base: 0x0000000800000000, Narrow klass shift: 0, Narrow klass range: 0x40000000

GC Precious Log:
 CPUs: 4 total, 4 available
 Memory: 12210M
 Large Page Support: Disabled
 NUMA Support: Disabled
 Compressed Oops: Enabled (Zero based)
 Heap Region Size: 2M
 Heap Min Capacity: 8M
 Heap Initial Capacity: 192M
 Heap Max Capacity: 3054M
 Pre-touch: Disabled
 Parallel Workers: 4
 Concurrent Workers: 1
 Concurrent Refinement Workers: 4
 Periodic GC: Disabled

Heap:
 garbage-first heap   total 102400K, used 68427K [0x0000000741200000, 0x0000000800000000)
  region size 2048K, 11 young (22528K), 2 survivors (4096K)
 Metaspace       used 51657K, committed 52096K, reserved 1097728K
  class space    used 5089K, committed 5312K, reserved 1048576K

Heap Regions: E=young(eden), S=young(survivor), O=old, HS=humongous(starts), HC=humongous(continues), CS=collection set, F=free, OA=open archive, CA=closed archive, TAMS=top-at-mark-start (previous, next)
|   0|0x0000000741200000, 0x0000000741400000, 0x0000000741400000|100%| O|  |TAMS 0x0000000741400000, 0x0000000741200000| Untracked 
|   1|0x0000000741400000, 0x000000074152b800, 0x0000000741600000| 58%| O|  |TAMS 0x000000074152b800, 0x0000000741400000| Untracked 
|   2|0x0000000741600000, 0x0000000741800000, 0x0000000741800000|100%| O|  |TAMS 0x0000000741800000, 0x0000000741600000| Untracked 
|   3|0x0000000741800000, 0x0000000741a00000, 0x0000000741a00000|100%| O|  |TAMS 0x0000000741a00000, 0x0000000741800000| Untracked 
|   4|0x0000000741a00000, 0x0000000741c00000, 0x0000000741c00000|100%| O|  |TAMS 0x0000000741c00000, 0x0000000741a00000| Untracked 
|   5|0x0000000741c00000, 0x0000000741e00000, 0x0000000741e00000|100%| O|  |TAMS 0x0000000741e00000, 0x0000000741c00000| Untracked 
|   6|0x0000000741e00000, 0x0000000742000000, 0x0000000742000000|100%| O|  |TAMS 0x0000000742000000, 0x0000000741e00000| Untracked 
|   7|0x0000000742000000, 0x0000000742200000, 0x0000000742200000|100%| O|  |TAMS 0x0000000742200000, 0x0000000742000000| Untracked 
|   8|0x0000000742200000, 0x0000000742400000, 0x0000000742400000|100%| O|  |TAMS 0x0000000742400000, 0x0000000742200000| Untracked 
|   9|0x0000000742400000, 0x0000000742600000, 0x0000000742600000|100%|HS|  |TAMS 0x0000000742600000, 0x0000000742400000| Complete 
|  10|0x0000000742600000, 0x0000000742800000, 0x0000000742800000|100%| O|  |TAMS 0x0000000742800000, 0x0000000742600000| Untracked 
|  11|0x0000000742800000, 0x0000000742a00000, 0x0000000742a00000|100%| O|  |TAMS 0x0000000742a00000, 0x0000000742800000| Untracked 
|  12|0x0000000742a00000, 0x0000000742c00000, 0x0000000742c00000|100%| O|  |TAMS 0x0000000742c00000, 0x0000000742a00000| Untracked 
|  13|0x0000000742c00000, 0x0000000742e00000, 0x0000000742e00000|100%| O|  |TAMS 0x0000000742e00000, 0x0000000742c00000| Untracked 
|  14|0x0000000742e00000, 0x0000000743000000, 0x0000000743000000|100%| O|  |TAMS 0x0000000743000000, 0x0000000742e00000| Untracked 
|  15|0x0000000743000000, 0x0000000743200000, 0x0000000743200000|100%| O|  |TAMS 0x0000000743200000, 0x0000000743000000| Untracked 
|  16|0x0000000743200000, 0x0000000743400000, 0x0000000743400000|100%| O|  |TAMS 0x0000000743400000, 0x0000000743200000| Untracked 
|  17|0x0000000743400000, 0x0000000743600000, 0x0000000743600000|100%| O|  |TAMS 0x0000000743600000, 0x0000000743400000| Untracked 
|  18|0x0000000743600000, 0x0000000743800000, 0x0000000743800000|100%| O|  |TAMS 0x0000000743800000, 0x0000000743600000| Untracked 
|  19|0x0000000743800000, 0x0000000743a00000, 0x0000000743a00000|100%| O|  |TAMS 0x0000000743a00000, 0x0000000743800000| Untracked 
|  20|0x0000000743a00000, 0x0000000743c00000, 0x0000000743c00000|100%| O|  |TAMS 0x0000000743c00000, 0x0000000743a00000| Untracked 
|  21|0x0000000743c00000, 0x0000000743e00000, 0x0000000743e00000|100%| O|  |TAMS 0x0000000743e00000, 0x0000000743c00000| Untracked 
|  22|0x0000000743e00000, 0x0000000744000000, 0x0000000744000000|100%| O|  |TAMS 0x0000000744000000, 0x0000000743e00000| Untracked 
|  23|0x0000000744000000, 0x0000000744200000, 0x0000000744200000|100%| O|  |TAMS 0x0000000744200000, 0x0000000744000000| Untracked 
|  24|0x0000000744200000, 0x0000000744314200, 0x0000000744400000| 53%| O|  |TAMS 0x00000007442bae00, 0x0000000744200000| Untracked 
|  25|0x0000000744400000, 0x0000000744400000, 0x0000000744600000|  0%| F|  |TAMS 0x0000000744400000, 0x0000000744400000| Untracked 
|  26|0x0000000744600000, 0x0000000744600000, 0x0000000744800000|  0%| F|  |TAMS 0x0000000744600000, 0x0000000744600000| Untracked 
|  27|0x0000000744800000, 0x0000000744800000, 0x0000000744a00000|  0%| F|  |TAMS 0x0000000744800000, 0x0000000744800000| Untracked 
|  28|0x0000000744a00000, 0x0000000744a00000, 0x0000000744c00000|  0%| F|  |TAMS 0x0000000744a00000, 0x0000000744a00000| Untracked 
|  29|0x0000000744c00000, 0x0000000744c00000, 0x0000000744e00000|  0%| F|  |TAMS 0x0000000744c00000, 0x0000000744c00000| Untracked 
|  30|0x0000000744e00000, 0x0000000744e00000, 0x0000000745000000|  0%| F|  |TAMS 0x0000000744e00000, 0x0000000744e00000| Untracked 
|  31|0x0000000745000000, 0x0000000745000000, 0x0000000745200000|  0%| F|  |TAMS 0x0000000745000000, 0x0000000745000000| Untracked 
|  32|0x0000000745200000, 0x0000000745200000, 0x0000000745400000|  0%| F|  |TAMS 0x0000000745200000, 0x0000000745200000| Untracked 
|  33|0x0000000745400000, 0x0000000745400000, 0x0000000745600000|  0%| F|  |TAMS 0x0000000745400000, 0x0000000745400000| Untracked 
|  34|0x0000000745600000, 0x0000000745600000, 0x0000000745800000|  0%| F|  |TAMS 0x0000000745600000, 0x0000000745600000| Untracked 
|  35|0x0000000745800000, 0x0000000745800000, 0x0000000745a00000|  0%| F|  |TAMS 0x0000000745800000, 0x0000000745800000| Untracked 
|  36|0x0000000745a00000, 0x0000000745a93570, 0x0000000745c00000| 28%| S|CS|TAMS 0x0000000745a00000, 0x0000000745a00000| Complete 
|  37|0x0000000745c00000, 0x0000000745e00000, 0x0000000745e00000|100%| S|CS|TAMS 0x0000000745c00000, 0x0000000745c00000| Complete 
|  38|0x0000000745e00000, 0x0000000745e00000, 0x0000000746000000|  0%| F|  |TAMS 0x0000000745e00000, 0x0000000745e00000| Untracked 
|  39|0x0000000746000000, 0x0000000746000000, 0x0000000746200000|  0%| F|  |TAMS 0x0000000746000000, 0x0000000746000000| Untracked 
|  40|0x0000000746200000, 0x0000000746200000, 0x0000000746400000|  0%| F|  |TAMS 0x0000000746200000, 0x0000000746200000| Untracked 
|  41|0x0000000746400000, 0x000000074648f760, 0x0000000746600000| 28%| E|  |TAMS 0x0000000746400000, 0x0000000746400000| Complete 
|  42|0x0000000746600000, 0x0000000746800000, 0x0000000746800000|100%| E|CS|TAMS 0x0000000746600000, 0x0000000746600000| Complete 
|  43|0x0000000746800000, 0x0000000746a00000, 0x0000000746a00000|100%| E|CS|TAMS 0x0000000746800000, 0x0000000746800000| Complete 
|  44|0x0000000746a00000, 0x0000000746c00000, 0x0000000746c00000|100%| E|CS|TAMS 0x0000000746a00000, 0x0000000746a00000| Complete 
|  70|0x0000000749e00000, 0x000000074a000000, 0x000000074a000000|100%| E|CS|TAMS 0x0000000749e00000, 0x0000000749e00000| Complete 
|  71|0x000000074a000000, 0x000000074a200000, 0x000000074a200000|100%| E|CS|TAMS 0x000000074a000000, 0x000000074a000000| Complete 
|  72|0x000000074a200000, 0x000000074a400000, 0x000000074a400000|100%| E|CS|TAMS 0x000000074a200000, 0x000000074a200000| Complete 
|  73|0x000000074a400000, 0x000000074a600000, 0x000000074a600000|100%| E|CS|TAMS 0x000000074a400000, 0x000000074a400000| Complete 
|  95|0x000000074d000000, 0x000000074d200000, 0x000000074d200000|100%| E|CS|TAMS 0x000000074d000000, 0x000000074d000000| Complete 

Card table byte_map: [0x0000021d4d980000,0x0000021d4df80000] _byte_map_base: 0x0000021d49f77000

Marking Bits (Prev, Next): (CMBitMap*) 0x0000021d3ae64900, (CMBitMap*) 0x0000021d3ae648c0
 Prev Bits: [0x0000021d51540000, 0x0000021d544f8000)
 Next Bits: [0x0000021d4e580000, 0x0000021d51538000)

Polling page: 0x0000021d38600000

Metaspace:

Usage:
  Non-class:     45.48 MB used.
      Class:      4.97 MB used.
       Both:     50.45 MB used.

Virtual space:
  Non-class space:       48.00 MB reserved,      45.69 MB ( 95%) committed,  6 nodes.
      Class space:        1.00 GB reserved,       5.19 MB ( <1%) committed,  1 nodes.
              Both:        1.05 GB reserved,      50.88 MB (  5%) committed. 

Chunk freelists:
   Non-Class:  1.47 MB
       Class:  2.73 MB
        Both:  4.20 MB

MaxMetaspaceSize: 17179869184.00 GB
CompressedClassSpaceSize: 1.00 GB
 - commit_granule_bytes: 65536.
 - commit_granule_words: 8192.
 - virtual_space_node_default_size: 1048576.
 - enlarge_chunks_in_place: 1.
 - new_chunks_are_fully_committed: 0.
 - uncommit_free_chunks: 1.
 - use_allocation_guard: 0.
 - handle_deallocations: 1.


Internal statistics:

num_allocs_failed_limit: 3.
num_arena_births: 282.
num_arena_deaths: 0.
num_vsnodes_births: 7.
num_vsnodes_deaths: 0.
num_space_committed: 814.
num_space_uncommitted: 0.
num_chunks_returned_to_freelist: 3.
num_chunks_taken_from_freelist: 1808.
num_chunk_merges: 0.
num_chunk_splits: 1265.
num_chunks_enlarged: 993.
num_purges: 0.

CodeHeap 'non-profiled nmethods': size=120000Kb used=4712Kb max_used=4712Kb free=115287Kb
 bounds [0x0000021d45e50000, 0x0000021d462f0000, 0x0000021d4d380000]
CodeHeap 'profiled nmethods': size=120000Kb used=17276Kb max_used=17276Kb free=102723Kb
 bounds [0x0000021d3e920000, 0x0000021d3fa00000, 0x0000021d45e50000]
CodeHeap 'non-nmethods': size=5760Kb used=1270Kb max_used=1378Kb free=4489Kb
 bounds [0x0000021d3e380000, 0x0000021d3e5f0000, 0x0000021d3e920000]
 total_blobs=7807 nmethods=7223 adapters=496
 compilation: enabled
              stopped_count=0, restarted_count=0
 full_count=0

Compilation events (20 events):
Event: 55.848 Thread 0x0000021d574a0670 nmethod 7946 0x0000021d3f9ec390 code [0x0000021d3f9ec560, 0x0000021d3f9ec7b8]
Event: 55.849 Thread 0x0000021d574a0670 7947       3       com.sun.tools.javac.tree.JCTree$JCCompilationUnit::getPackageName (18 bytes)
Event: 55.849 Thread 0x0000021d574a0670 nmethod 7947 0x0000021d3f9ec890 code [0x0000021d3f9eca40, 0x0000021d3f9ecca8]
Event: 55.849 Thread 0x0000021d574a0670 7948       1       lombok.core.AST::setTop (6 bytes)
Event: 55.850 Thread 0x0000021d574a0670 nmethod 7948 0x0000021d462e8990 code [0x0000021d462e8b20, 0x0000021d462e8c38]
Event: 55.850 Thread 0x0000021d574a0670 7949       1       lombok.core.AST::isChanged (5 bytes)
Event: 55.850 Thread 0x0000021d574a0670 nmethod 7949 0x0000021d462e8c90 code [0x0000021d462e8e20, 0x0000021d462e8ef8]
Event: 55.850 Thread 0x0000021d574a0670 7950       3       lombok.javac.JavacAST::buildType (203 bytes)
Event: 55.854 Thread 0x0000021d574a0670 nmethod 7950 0x0000021d3f9ecd90 code [0x0000021d3f9ed2c0, 0x0000021d3f9f0ef8]
Event: 55.903 Thread 0x0000021d574a0670 7951       3       java.util.IdentityHashMap$EntryIterator$Entry::getKey (20 bytes)
Event: 55.904 Thread 0x0000021d574a0670 nmethod 7951 0x0000021d3f9f1e10 code [0x0000021d3f9f1fe0, 0x0000021d3f9f2368]
Event: 55.908 Thread 0x0000021d574a0670 7952   !   3       jdk.internal.reflect.GeneratedMethodAccessor23::invoke (61 bytes)
Event: 55.909 Thread 0x0000021d574a0670 nmethod 7952 0x0000021d3f9f2510 code [0x0000021d3f9f2760, 0x0000021d3f9f2ff8]
Event: 55.931 Thread 0x0000021d5742b220 7953       4       java.lang.Long::hashCode (8 bytes)
Event: 55.931 Thread 0x0000021d5742b220 nmethod 7953 0x0000021d462e8f90 code [0x0000021d462e9100, 0x0000021d462e9178]
Event: 55.933 Thread 0x0000021d5742b220 7954       4       lombok.javac.JavacAST::buildTree (176 bytes)
Event: 55.971 Thread 0x0000021d574a0670 7956       3       lombok.javac.JavacImportList::getFullyQualifiedNameForSimpleNameNoAliasing (90 bytes)
Event: 55.972 Thread 0x0000021d574a0670 nmethod 7956 0x0000021d3f9f3390 code [0x0000021d3f9f3640, 0x0000021d3f9f47d8]
Event: 56.053 Thread 0x0000021d574a0670 7957   !   3       lombok.javac.JavacAST$ErrorLog::create (120 bytes)
Event: 56.054 Thread 0x0000021d574a0670 nmethod 7957 0x0000021d3f9f4c10 code [0x0000021d3f9f4e40, 0x0000021d3f9f54d8]

GC Heap History (20 events):
Event: 38.320 GC heap before
{Heap before GC invocations=34 (full 0):
 garbage-first heap   total 69632K, used 50067K [0x0000000741200000, 0x0000000800000000)
  region size 2048K, 7 young (14336K), 1 survivors (2048K)
 Metaspace       used 48005K, committed 48384K, reserved 1097728K
  class space    used 4747K, committed 4928K, reserved 1048576K
}
Event: 38.321 GC heap after
{Heap after GC invocations=35 (full 0):
 garbage-first heap   total 69632K, used 39942K [0x0000000741200000, 0x0000000800000000)
  region size 2048K, 1 young (2048K), 1 survivors (2048K)
 Metaspace       used 48005K, committed 48384K, reserved 1097728K
  class space    used 4747K, committed 4928K, reserved 1048576K
}
Event: 40.045 GC heap before
{Heap before GC invocations=36 (full 0):
 garbage-first heap   total 75776K, used 52230K [0x0000000741200000, 0x0000000800000000)
  region size 2048K, 7 young (14336K), 1 survivors (2048K)
 Metaspace       used 48018K, committed 48384K, reserved 1097728K
  class space    used 4747K, committed 4928K, reserved 1048576K
}
Event: 40.051 GC heap after
{Heap after GC invocations=37 (full 0):
 garbage-first heap   total 75776K, used 42919K [0x0000000741200000, 0x0000000800000000)
  region size 2048K, 1 young (2048K), 1 survivors (2048K)
 Metaspace       used 48018K, committed 48384K, reserved 1097728K
  class space    used 4747K, committed 4928K, reserved 1048576K
}
Event: 41.335 GC heap before
{Heap before GC invocations=37 (full 0):
 garbage-first heap   total 75776K, used 57255K [0x0000000741200000, 0x0000000800000000)
  region size 2048K, 8 young (16384K), 1 survivors (2048K)
 Metaspace       used 48487K, committed 48832K, reserved 1097728K
  class space    used 4805K, committed 4992K, reserved 1048576K
}
Event: 41.345 GC heap after
{Heap after GC invocations=38 (full 0):
 garbage-first heap   total 75776K, used 45091K [0x0000000741200000, 0x0000000800000000)
  region size 2048K, 1 young (2048K), 1 survivors (2048K)
 Metaspace       used 48487K, committed 48832K, reserved 1097728K
  class space    used 4805K, committed 4992K, reserved 1048576K
}
Event: 42.093 GC heap before
{Heap before GC invocations=39 (full 0):
 garbage-first heap   total 81920K, used 55331K [0x0000000741200000, 0x0000000800000000)
  region size 2048K, 7 young (14336K), 1 survivors (2048K)
 Metaspace       used 48690K, committed 49088K, reserved 1097728K
  class space    used 4807K, committed 4992K, reserved 1048576K
}
Event: 42.105 GC heap after
{Heap after GC invocations=40 (full 0):
 garbage-first heap   total 81920K, used 47281K [0x0000000741200000, 0x0000000800000000)
  region size 2048K, 1 young (2048K), 1 survivors (2048K)
 Metaspace       used 48690K, committed 49088K, reserved 1097728K
  class space    used 4807K, committed 4992K, reserved 1048576K
}
Event: 46.899 GC heap before
{Heap before GC invocations=40 (full 0):
 garbage-first heap   total 81920K, used 61617K [0x0000000741200000, 0x0000000800000000)
  region size 2048K, 9 young (18432K), 1 survivors (2048K)
 Metaspace       used 49646K, committed 50112K, reserved 1097728K
  class space    used 4911K, committed 5120K, reserved 1048576K
}
Event: 46.909 GC heap after
{Heap after GC invocations=41 (full 0):
 garbage-first heap   total 98304K, used 49228K [0x0000000741200000, 0x0000000800000000)
  region size 2048K, 2 young (4096K), 2 survivors (4096K)
 Metaspace       used 49646K, committed 50112K, reserved 1097728K
  class space    used 4911K, committed 5120K, reserved 1048576K
}
Event: 50.642 GC heap before
{Heap before GC invocations=42 (full 0):
 garbage-first heap   total 98304K, used 69708K [0x0000000741200000, 0x0000000800000000)
  region size 2048K, 13 young (26624K), 2 survivors (4096K)
 Metaspace       used 50871K, committed 51264K, reserved 1097728K
  class space    used 5039K, committed 5248K, reserved 1048576K
}
Event: 50.655 GC heap after
{Heap after GC invocations=43 (full 0):
 garbage-first heap   total 98304K, used 49891K [0x0000000741200000, 0x0000000800000000)
  region size 2048K, 1 young (2048K), 1 survivors (2048K)
 Metaspace       used 50871K, committed 51264K, reserved 1097728K
  class space    used 5039K, committed 5248K, reserved 1048576K
}
Event: 52.771 GC heap before
{Heap before GC invocations=43 (full 0):
 garbage-first heap   total 98304K, used 72419K [0x0000000741200000, 0x0000000800000000)
  region size 2048K, 12 young (24576K), 1 survivors (2048K)
 Metaspace       used 51227K, committed 51584K, reserved 1097728K
  class space    used 5075K, committed 5248K, reserved 1048576K
}
Event: 52.778 GC heap after
{Heap after GC invocations=44 (full 0):
 garbage-first heap   total 98304K, used 50401K [0x0000000741200000, 0x0000000800000000)
  region size 2048K, 1 young (2048K), 1 survivors (2048K)
 Metaspace       used 51227K, committed 51584K, reserved 1097728K
  class space    used 5075K, committed 5248K, reserved 1048576K
}
Event: 54.015 GC heap before
{Heap before GC invocations=45 (full 0):
 garbage-first heap   total 98304K, used 74977K [0x0000000741200000, 0x0000000800000000)
  region size 2048K, 13 young (26624K), 1 survivors (2048K)
 Metaspace       used 51362K, committed 51776K, reserved 1097728K
  class space    used 5077K, committed 5312K, reserved 1048576K
}
Event: 54.024 GC heap after
{Heap after GC invocations=46 (full 0):
 garbage-first heap   total 98304K, used 50810K [0x0000000741200000, 0x0000000800000000)
  region size 2048K, 1 young (2048K), 1 survivors (2048K)
 Metaspace       used 51362K, committed 51776K, reserved 1097728K
  class space    used 5077K, committed 5312K, reserved 1048576K
}
Event: 54.896 GC heap before
{Heap before GC invocations=46 (full 0):
 garbage-first heap   total 98304K, used 77434K [0x0000000741200000, 0x0000000800000000)
  region size 2048K, 14 young (28672K), 1 survivors (2048K)
 Metaspace       used 51482K, committed 51904K, reserved 1097728K
  class space    used 5079K, committed 5312K, reserved 1048576K
}
Event: 54.905 GC heap after
{Heap after GC invocations=47 (full 0):
 garbage-first heap   total 98304K, used 51397K [0x0000000741200000, 0x0000000800000000)
  region size 2048K, 2 young (4096K), 2 survivors (4096K)
 Metaspace       used 51482K, committed 51904K, reserved 1097728K
  class space    used 5079K, committed 5312K, reserved 1048576K
}
Event: 55.692 GC heap before
{Heap before GC invocations=48 (full 0):
 garbage-first heap   total 102400K, used 75973K [0x0000000741200000, 0x0000000800000000)
  region size 2048K, 14 young (28672K), 2 survivors (4096K)
 Metaspace       used 51580K, committed 52032K, reserved 1097728K
  class space    used 5080K, committed 5312K, reserved 1048576K
}
Event: 55.702 GC heap after
{Heap after GC invocations=49 (full 0):
 garbage-first heap   total 102400K, used 52043K [0x0000000741200000, 0x0000000800000000)
  region size 2048K, 2 young (4096K), 2 survivors (4096K)
 Metaspace       used 51580K, committed 52032K, reserved 1097728K
  class space    used 5080K, committed 5312K, reserved 1048576K
}

Deoptimization events (20 events):
Event: 52.389 Thread 0x0000021d3ae1f740 DEOPT PACKING pc=0x0000021d4626d720 sp=0x00000031984fcc20
Event: 52.389 Thread 0x0000021d3ae1f740 DEOPT UNPACKING pc=0x0000021d3e3cd72e sp=0x00000031984fcbf0 mode 2
Event: 52.421 Thread 0x0000021d3ae1f740 Uncommon trap: trap_request=0xffffffbe fr.pc=0x0000021d4627d8e4 relative=0x00000000000062c4
Event: 52.421 Thread 0x0000021d3ae1f740 Uncommon trap: reason=profile_predicate action=maybe_recompile pc=0x0000021d4627d8e4 method=lombok.core.AST.buildWithCollection(Ljava/lang/Class;Ljava/lang/Object;Ljava/util/Collection;I)V @ 69 c2
Event: 52.421 Thread 0x0000021d3ae1f740 DEOPT PACKING pc=0x0000021d4627d8e4 sp=0x00000031984fc750
Event: 52.421 Thread 0x0000021d3ae1f740 DEOPT UNPACKING pc=0x0000021d3e3cd72e sp=0x00000031984fc3c8 mode 2
Event: 52.421 Thread 0x0000021d3ae1f740 Uncommon trap: trap_request=0xffffffbe fr.pc=0x0000021d4627d8e4 relative=0x00000000000062c4
Event: 52.421 Thread 0x0000021d3ae1f740 Uncommon trap: reason=profile_predicate action=maybe_recompile pc=0x0000021d4627d8e4 method=lombok.core.AST.buildWithCollection(Ljava/lang/Class;Ljava/lang/Object;Ljava/util/Collection;I)V @ 69 c2
Event: 52.421 Thread 0x0000021d3ae1f740 DEOPT PACKING pc=0x0000021d4627d8e4 sp=0x00000031984fc750
Event: 52.421 Thread 0x0000021d3ae1f740 DEOPT UNPACKING pc=0x0000021d3e3cd72e sp=0x00000031984fc3c8 mode 2
Event: 52.421 Thread 0x0000021d3ae1f740 Uncommon trap: trap_request=0xffffffbe fr.pc=0x0000021d4627d8e4 relative=0x00000000000062c4
Event: 52.421 Thread 0x0000021d3ae1f740 Uncommon trap: reason=profile_predicate action=maybe_recompile pc=0x0000021d4627d8e4 method=lombok.core.AST.buildWithCollection(Ljava/lang/Class;Ljava/lang/Object;Ljava/util/Collection;I)V @ 69 c2
Event: 52.421 Thread 0x0000021d3ae1f740 DEOPT PACKING pc=0x0000021d4627d8e4 sp=0x00000031984fc750
Event: 52.421 Thread 0x0000021d3ae1f740 DEOPT UNPACKING pc=0x0000021d3e3cd72e sp=0x00000031984fc3c8 mode 2
Event: 54.004 Thread 0x0000021d3ae1f740 Uncommon trap: trap_request=0xffffff45 fr.pc=0x0000021d462b1ee4 relative=0x0000000000000904
Event: 54.004 Thread 0x0000021d3ae1f740 Uncommon trap: reason=unstable_if action=reinterpret pc=0x0000021d462b1ee4 method=lombok.javac.handlers.JavacHandlerUtil.typeMatches(Ljava/lang/String;Llombok/javac/JavacNode;Lcom/sun/tools/javac/tree/JCTree;)Z @ 114 c2
Event: 54.004 Thread 0x0000021d3ae1f740 DEOPT PACKING pc=0x0000021d462b1ee4 sp=0x00000031984fcd80
Event: 54.004 Thread 0x0000021d3ae1f740 DEOPT UNPACKING pc=0x0000021d3e3cd72e sp=0x00000031984fcd18 mode 2
Event: 54.644 Thread 0x0000021d3ae1f740 DEOPT PACKING pc=0x0000021d3f803023 sp=0x00000031984fc6b0
Event: 54.644 Thread 0x0000021d3ae1f740 DEOPT UNPACKING pc=0x0000021d3e3cdece sp=0x00000031984fbb68 mode 0

Classes unloaded (0 events):
No events

Classes redefined (0 events):
No events

Internal exceptions (20 events):
Event: 52.186 Thread 0x0000021d3ae1f740 Exception <a 'sun/nio/fs/WindowsException'{0x00000007463d6420}> (0x00000007463d6420) 
thrown [t:\workspace\open\src\hotspot\share\prims\jni.cpp, line 579]
Event: 52.186 Thread 0x0000021d3ae1f740 Exception <a 'sun/nio/fs/WindowsException'{0x00000007463d6710}> (0x00000007463d6710) 
thrown [t:\workspace\open\src\hotspot\share\prims\jni.cpp, line 579]
Event: 52.186 Thread 0x0000021d3ae1f740 Exception <a 'sun/nio/fs/WindowsException'{0x00000007463d7bb8}> (0x00000007463d7bb8) 
thrown [t:\workspace\open\src\hotspot\share\prims\jni.cpp, line 579]
Event: 52.186 Thread 0x0000021d3ae1f740 Exception <a 'sun/nio/fs/WindowsException'{0x00000007463d7f38}> (0x00000007463d7f38) 
thrown [t:\workspace\open\src\hotspot\share\prims\jni.cpp, line 579]
Event: 52.187 Thread 0x0000021d3ae1f740 Exception <a 'sun/nio/fs/WindowsException'{0x00000007463d9fe8}> (0x00000007463d9fe8) 
thrown [t:\workspace\open\src\hotspot\share\prims\jni.cpp, line 579]
Event: 52.187 Thread 0x0000021d3ae1f740 Exception <a 'sun/nio/fs/WindowsException'{0x00000007463da310}> (0x00000007463da310) 
thrown [t:\workspace\open\src\hotspot\share\prims\jni.cpp, line 579]
Event: 52.188 Thread 0x0000021d3ae1f740 Exception <a 'sun/nio/fs/WindowsException'{0x00000007463dcd38}> (0x00000007463dcd38) 
thrown [t:\workspace\open\src\hotspot\share\prims\jni.cpp, line 579]
Event: 52.188 Thread 0x0000021d3ae1f740 Exception <a 'sun/nio/fs/WindowsException'{0x00000007463dd008}> (0x00000007463dd008) 
thrown [t:\workspace\open\src\hotspot\share\prims\jni.cpp, line 579]
Event: 52.188 Thread 0x0000021d3ae1f740 Exception <a 'sun/nio/fs/WindowsException'{0x00000007463de660}> (0x00000007463de660) 
thrown [t:\workspace\open\src\hotspot\share\prims\jni.cpp, line 579]
Event: 52.188 Thread 0x0000021d3ae1f740 Exception <a 'sun/nio/fs/WindowsException'{0x00000007463de980}> (0x00000007463de980) 
thrown [t:\workspace\open\src\hotspot\share\prims\jni.cpp, line 579]
Event: 52.188 Thread 0x0000021d3ae1f740 Exception <a 'sun/nio/fs/WindowsException'{0x00000007463e00e0}> (0x00000007463e00e0) 
thrown [t:\workspace\open\src\hotspot\share\prims\jni.cpp, line 579]
Event: 52.188 Thread 0x0000021d3ae1f740 Exception <a 'sun/nio/fs/WindowsException'{0x00000007463e0490}> (0x00000007463e0490) 
thrown [t:\workspace\open\src\hotspot\share\prims\jni.cpp, line 579]
Event: 52.189 Thread 0x0000021d3ae1f740 Exception <a 'sun/nio/fs/WindowsException'{0x00000007463e2578}> (0x00000007463e2578) 
thrown [t:\workspace\open\src\hotspot\share\prims\jni.cpp, line 579]
Event: 52.189 Thread 0x0000021d3ae1f740 Exception <a 'sun/nio/fs/WindowsException'{0x00000007463e28c8}> (0x00000007463e28c8) 
thrown [t:\workspace\open\src\hotspot\share\prims\jni.cpp, line 579]
Event: 52.189 Thread 0x0000021d3ae1f740 Exception <a 'sun/nio/fs/WindowsException'{0x00000007463e88c8}> (0x00000007463e88c8) 
thrown [t:\workspace\open\src\hotspot\share\prims\jni.cpp, line 579]
Event: 52.189 Thread 0x0000021d3ae1f740 Exception <a 'sun/nio/fs/WindowsException'{0x00000007463e8bc8}> (0x00000007463e8bc8) 
thrown [t:\workspace\open\src\hotspot\share\prims\jni.cpp, line 579]
Event: 52.190 Thread 0x0000021d3ae1f740 Exception <a 'sun/nio/fs/WindowsException'{0x00000007463f37b0}> (0x00000007463f37b0) 
thrown [t:\workspace\open\src\hotspot\share\prims\jni.cpp, line 579]
Event: 52.190 Thread 0x0000021d3ae1f740 Exception <a 'sun/nio/fs/WindowsException'{0x00000007463f3af8}> (0x00000007463f3af8) 
thrown [t:\workspace\open\src\hotspot\share\prims\jni.cpp, line 579]
Event: 52.190 Thread 0x0000021d3ae1f740 Exception <a 'sun/nio/fs/WindowsException'{0x00000007463f4fe8}> (0x00000007463f4fe8) 
thrown [t:\workspace\open\src\hotspot\share\prims\jni.cpp, line 579]
Event: 52.191 Thread 0x0000021d3ae1f740 Exception <a 'sun/nio/fs/WindowsException'{0x00000007463f53b8}> (0x00000007463f53b8) 
thrown [t:\workspace\open\src\hotspot\share\prims\jni.cpp, line 579]

Events (20 events):
Event: 53.415 Executing  VM operation: ICBufferFull done
Event: 53.427 Executing  VM operation: ICBufferFull
Event: 53.428 Executing  VM operation: ICBufferFull done
Event: 53.556 Thread 0x0000021d59e064c0 Thread exited: 0x0000021d59e064c0
Event: 53.557 Executing  VM operation: ICBufferFull
Event: 53.557 Executing  VM operation: ICBufferFull done
Event: 53.562 Executing  VM operation: ICBufferFull
Event: 53.562 Executing  VM operation: ICBufferFull done
Event: 54.003 Executing  VM operation: ICBufferFull
Event: 54.003 Executing  VM operation: ICBufferFull done
Event: 54.015 Executing  VM operation: G1CollectForAllocation
Event: 54.024 Executing  VM operation: G1CollectForAllocation done
Event: 54.896 Executing  VM operation: G1CollectForAllocation
Event: 54.906 Executing  VM operation: G1CollectForAllocation done
Event: 55.055 Executing  VM operation: G1Concurrent
Event: 55.069 Executing  VM operation: G1Concurrent done
Event: 55.135 Executing  VM operation: G1Concurrent
Event: 55.184 Executing  VM operation: G1Concurrent done
Event: 55.691 Executing  VM operation: G1CollectForAllocation
Event: 55.702 Executing  VM operation: G1CollectForAllocation done


Dynamic libraries:
0x00007ff7e1710000 - 0x00007ff7e171e000 	F:\Projects\Eclipse-versions\eclipse\plugins\org.eclipse.justj.openjdk.hotspot.jre.full.win32.x86_64_16.0.1.v20210528-1205\jre\bin\javaw.exe
0x00007fff10320000 - 0x00007fff10510000 	C:\WINDOWS\SYSTEM32\ntdll.dll
0x00007fff0f5b0000 - 0x00007fff0f662000 	C:\WINDOWS\System32\KERNEL32.DLL
0x00007fff0de20000 - 0x00007fff0e0c5000 	C:\WINDOWS\System32\KERNELBASE.dll
0x00007ffedef90000 - 0x00007ffedf08f000 	C:\Program Files\Bitdefender\Bitdefender Security\atcuf\265447845905775108\atcuf64.dll
0x00007fff0d2a0000 - 0x00007fff0d39a000 	C:\WINDOWS\System32\ucrtbase.dll
0x00007fff02eb0000 - 0x00007fff02ec8000 	F:\Projects\Eclipse-versions\eclipse\plugins\org.eclipse.justj.openjdk.hotspot.jre.full.win32.x86_64_16.0.1.v20210528-1205\jre\bin\jli.dll
0x00007fff0ffe0000 - 0x00007fff10174000 	C:\WINDOWS\System32\USER32.dll
0x00007fff0dd50000 - 0x00007fff0dd71000 	C:\WINDOWS\System32\win32u.dll
0x00007fff0e6e0000 - 0x00007fff0e706000 	C:\WINDOWS\System32\GDI32.dll
0x00007fff0e0d0000 - 0x00007fff0e268000 	C:\WINDOWS\System32\gdi32full.dll
0x00007fff0dd80000 - 0x00007fff0de1e000 	C:\WINDOWS\System32\msvcp_win.dll
0x00007fff08ff0000 - 0x00007fff09009000 	F:\Projects\Eclipse-versions\eclipse\plugins\org.eclipse.justj.openjdk.hotspot.jre.full.win32.x86_64_16.0.1.v20210528-1205\jre\bin\VCRUNTIME140.dll
0x00007ffeffd20000 - 0x00007ffefffa4000 	C:\WINDOWS\WinSxS\amd64_microsoft.windows.common-controls_6595b64144ccf1df_6.0.18362.1316_none_9e7a364fe461dbd7\COMCTL32.dll
0x00007fff0f100000 - 0x00007fff0f19e000 	C:\WINDOWS\System32\msvcrt.dll
0x00007fff0f1c0000 - 0x00007fff0f4f7000 	C:\WINDOWS\System32\combase.dll
0x00007fff0e710000 - 0x00007fff0e82f000 	C:\WINDOWS\System32\RPCRT4.dll
0x00007fff0e340000 - 0x00007fff0e3c1000 	C:\WINDOWS\System32\bcryptPrimitives.dll
0x00007fff0ffb0000 - 0x00007fff0ffde000 	C:\WINDOWS\System32\IMM32.DLL
0x00007fff0a460000 - 0x00007fff0a46c000 	F:\Projects\Eclipse-versions\eclipse\plugins\org.eclipse.justj.openjdk.hotspot.jre.full.win32.x86_64_16.0.1.v20210528-1205\jre\bin\vcruntime140_1.dll
0x00007ffee97b0000 - 0x00007ffee9841000 	F:\Projects\Eclipse-versions\eclipse\plugins\org.eclipse.justj.openjdk.hotspot.jre.full.win32.x86_64_16.0.1.v20210528-1205\jre\bin\msvcp140.dll
0x00007ffebdb70000 - 0x00007ffebe71b000 	F:\Projects\Eclipse-versions\eclipse\plugins\org.eclipse.justj.openjdk.hotspot.jre.full.win32.x86_64_16.0.1.v20210528-1205\jre\bin\server\jvm.dll
0x00007fff0f500000 - 0x00007fff0f5a3000 	C:\WINDOWS\System32\ADVAPI32.dll
0x00007fff0eac0000 - 0x00007fff0eb57000 	C:\WINDOWS\System32\sechost.dll
0x00007fff10180000 - 0x00007fff10188000 	C:\WINDOWS\System32\PSAPI.DLL
0x00007ffef5c70000 - 0x00007ffef5c79000 	C:\WINDOWS\SYSTEM32\WSOCK32.dll
0x00007fff10190000 - 0x00007fff101ff000 	C:\WINDOWS\System32\WS2_32.dll
0x00007fff0a3d0000 - 0x00007fff0a3f4000 	C:\WINDOWS\SYSTEM32\WINMM.dll
0x00007fff06750000 - 0x00007fff0675a000 	C:\WINDOWS\SYSTEM32\VERSION.dll
0x00007fff0a3a0000 - 0x00007fff0a3cd000 	C:\WINDOWS\SYSTEM32\WINMMBASE.dll
0x00007fff0dd00000 - 0x00007fff0dd4a000 	C:\WINDOWS\System32\cfgmgr32.dll
0x00007fff0d1e0000 - 0x00007fff0d1f1000 	C:\WINDOWS\System32\kernel.appcore.dll
0x00007fff072d0000 - 0x00007fff072da000 	F:\Projects\Eclipse-versions\eclipse\plugins\org.eclipse.justj.openjdk.hotspot.jre.full.win32.x86_64_16.0.1.v20210528-1205\jre\bin\jimage.dll
0x00007fff0baf0000 - 0x00007fff0bce4000 	C:\WINDOWS\SYSTEM32\DBGHELP.DLL
0x00007ffef5c10000 - 0x00007ffef5c3a000 	C:\WINDOWS\SYSTEM32\dbgcore.DLL
0x00007fff02e80000 - 0x00007fff02ea5000 	F:\Projects\Eclipse-versions\eclipse\plugins\org.eclipse.justj.openjdk.hotspot.jre.full.win32.x86_64_16.0.1.v20210528-1205\jre\bin\java.dll
0x00007fff02e60000 - 0x00007fff02e78000 	F:\Projects\Eclipse-versions\eclipse\plugins\org.eclipse.justj.openjdk.hotspot.jre.full.win32.x86_64_16.0.1.v20210528-1205\jre\bin\zip.dll
0x00007fff0f8c0000 - 0x00007fff0ffa8000 	C:\WINDOWS\System32\SHELL32.dll
0x00007fff0ea10000 - 0x00007fff0eab7000 	C:\WINDOWS\System32\shcore.dll
0x00007fff0d3a0000 - 0x00007fff0db1b000 	C:\WINDOWS\System32\windows.storage.dll
0x00007fff0d270000 - 0x00007fff0d293000 	C:\WINDOWS\System32\profapi.dll
0x00007fff0d200000 - 0x00007fff0d24a000 	C:\WINDOWS\System32\powrprof.dll
0x00007fff0d1d0000 - 0x00007fff0d1e0000 	C:\WINDOWS\System32\UMPDC.dll
0x00007fff0f030000 - 0x00007fff0f082000 	C:\WINDOWS\System32\shlwapi.dll
0x00007fff0e270000 - 0x00007fff0e287000 	C:\WINDOWS\System32\cryptsp.dll
0x00007fff02e40000 - 0x00007fff02e59000 	F:\Projects\Eclipse-versions\eclipse\plugins\org.eclipse.justj.openjdk.hotspot.jre.full.win32.x86_64_16.0.1.v20210528-1205\jre\bin\net.dll
0x00007fff06100000 - 0x00007fff061f0000 	C:\WINDOWS\SYSTEM32\WINHTTP.dll
0x00007fff0c9c0000 - 0x00007fff0ca27000 	C:\WINDOWS\system32\mswsock.dll
0x00007fff02e20000 - 0x00007fff02e33000 	F:\Projects\Eclipse-versions\eclipse\plugins\org.eclipse.justj.openjdk.hotspot.jre.full.win32.x86_64_16.0.1.v20210528-1205\jre\bin\nio.dll
0x00007fff04850000 - 0x00007fff04860000 	F:\Projects\Eclipse-versions\eclipse\plugins\org.eclipse.justj.openjdk.hotspot.jre.full.win32.x86_64_16.0.1.v20210528-1205\jre\bin\verify.dll
0x00007fff0c4f0000 - 0x00007fff0c523000 	C:\WINDOWS\system32\rsaenh.dll
0x00007fff0dcd0000 - 0x00007fff0dcf6000 	C:\WINDOWS\System32\bcrypt.dll
0x00007fff0d0f0000 - 0x00007fff0d115000 	C:\WINDOWS\SYSTEM32\USERENV.dll
0x00007fff0cb40000 - 0x00007fff0cb4c000 	C:\WINDOWS\SYSTEM32\CRYPTBASE.dll
0x00007fff0c6e0000 - 0x00007fff0c71a000 	C:\WINDOWS\SYSTEM32\IPHLPAPI.DLL
0x00007fff0e8b0000 - 0x00007fff0e8b8000 	C:\WINDOWS\System32\NSI.dll
0x00007fff05b30000 - 0x00007fff05b46000 	C:\WINDOWS\SYSTEM32\dhcpcsvc6.DLL
0x00007fff061f0000 - 0x00007fff0620c000 	C:\WINDOWS\SYSTEM32\dhcpcsvc.DLL
0x00007fff0c720000 - 0x00007fff0c7eb000 	C:\WINDOWS\SYSTEM32\DNSAPI.dll
0x00007fff07470000 - 0x00007fff0747a000 	C:\Users\Vijay\AppData\Local\Temp\jansi-1.17.1-15465896061414803398.dll
0x00007fff072e0000 - 0x00007fff072ea000 	C:\Users\Vijay\AppData\Local\Temp\jansi-1.17.1-7260473690017823186.dll

dbghelp: loaded successfully - version: 4.0.5 - missing functions: none
symbol engine: initialized successfully - sym options: 0x614 - pdb path: .;F:\Projects\Eclipse-versions\eclipse\plugins\org.eclipse.justj.openjdk.hotspot.jre.full.win32.x86_64_16.0.1.v20210528-1205\jre\bin;C:\WINDOWS\SYSTEM32;C:\Program Files\Bitdefender\Bitdefender Security\atcuf\265447845905775108;C:\WINDOWS\WinSxS\amd64_microsoft.windows.common-controls_6595b64144ccf1df_6.0.18362.1316_none_9e7a364fe461dbd7;F:\Projects\Eclipse-versions\eclipse\plugins\org.eclipse.justj.openjdk.hotspot.jre.full.win32.x86_64_16.0.1.v20210528-1205\jre\bin\server;C:\Users\Vijay\AppData\Local\Temp

VM Arguments:
jvm_args: -Dmaven.home=EMBEDDED -Dclassworlds.conf=C:\Users\Vijay\eclipse-workspace\cobalToJava\.metadata\.plugins\org.eclipse.m2e.launching\launches\m2conf6809648934859924627.tmp -Dmaven.multiModuleProjectDirectory=F:\Projects\CobaltJavaConversion\IBM\lgacdb01_SBT -Dfile.encoding=Cp1252 -XX:+ShowCodeDetailsInExceptionMessages 
java_command: org.codehaus.plexus.classworlds.launcher.Launcher -B clean compile package
java_class_path (initial): F:\Projects\Eclipse-versions\eclipse\plugins\org.eclipse.m2e.maven.runtime_1.18.0.20210603-1206\jars\plexus-classworlds-2.6.0.jar
Launcher Type: SUN_STANDARD

[Global flags]
     intx CICompilerCount                          = 3                                         {product} {ergonomic}
     uint ConcGCThreads                            = 1                                         {product} {ergonomic}
     uint G1ConcRefinementThreads                  = 4                                         {product} {ergonomic}
   size_t G1HeapRegionSize                         = 2097152                                   {product} {ergonomic}
    uintx GCDrainStackTargetSize                   = 64                                        {product} {ergonomic}
   size_t InitialHeapSize                          = 201326592                                 {product} {ergonomic}
   size_t MarkStackSize                            = 4194304                                   {product} {ergonomic}
   size_t MaxHeapSize                              = 3202351104                                {product} {ergonomic}
   size_t MaxNewSize                               = 1920991232                                {product} {ergonomic}
   size_t MinHeapDeltaBytes                        = 2097152                                   {product} {ergonomic}
   size_t MinHeapSize                              = 8388608                                   {product} {ergonomic}
    uintx NonNMethodCodeHeapSize                   = 5832780                                {pd product} {ergonomic}
    uintx NonProfiledCodeHeapSize                  = 122912730                              {pd product} {ergonomic}
    uintx ProfiledCodeHeapSize                     = 122912730                              {pd product} {ergonomic}
    uintx ReservedCodeCacheSize                    = 251658240                              {pd product} {ergonomic}
     bool SegmentedCodeCache                       = true                                      {product} {ergonomic}
     bool ShowCodeDetailsInExceptionMessages       = true                                   {manageable} {command line}
   size_t SoftMaxHeapSize                          = 3202351104                             {manageable} {ergonomic}
     bool UseCompressedClassPointers               = true                           {product lp64_product} {ergonomic}
     bool UseCompressedOops                        = true                           {product lp64_product} {ergonomic}
     bool UseG1GC                                  = true                                      {product} {ergonomic}
     bool UseLargePagesIndividualAllocation        = false                                  {pd product} {ergonomic}

Logging:
Log output configuration:
 #0: stdout all=warning uptime,level,tags
 #1: stderr all=off uptime,level,tags

Environment Variables:
JAVA_HOME=C:\Program Files\Java\jdk-11.0.12
PATH=F:/Projects/Eclipse-versions/eclipse//plugins/org.eclipse.justj.openjdk.hotspot.jre.full.win32.x86_64_16.0.1.v20210528-1205/jre/bin/server;F:/Projects/Eclipse-versions/eclipse//plugins/org.eclipse.justj.openjdk.hotspot.jre.full.win32.x86_64_16.0.1.v20210528-1205/jre/bin;C:\Program Files\Common Files\Oracle\Java\javapath;C:\Program Files (x86)\Common Files\Oracle\Java\javapath;C:\Program Files (x86)\Python\Python37-32\Scripts\;C:\Program Files (x86)\Python\Python37-32\;C:\WINDOWS\system32;C:\WINDOWS;C:\WINDOWS\System32\Wbem;C:\WINDOWS\System32\WindowsPowerShell\v1.0\;C:\WINDOWS\System32\OpenSSH\;C:\Hadoop-2.8.0\hadoop-2.8.0\bin;C:\ProgramData\DockerDesktop\version-bin;F:\apache-maven-3.8.1-bin\apache-maven-3.8.1\bin;C:\Program Files\Java\jdk-11.0.12\bin;C:\Program Files\Git\cmd;C:\Users\Vijay\AppData\Local\Microsoft\WindowsApps;C:\Program Files\JetBrains\IntelliJ IDEA Community Edition 2019.1.3\bin;;C:\Users\Vijay\AppData\Local\Programs\Microsoft VS Code\bin;F:\Projects\Softwares\kafka_2.12-2.8.0\kafka_2.12-2.8.0\bin\windows;;F:\Projects\Eclipse-versions\eclipse;
USERNAME=Vijay
OS=Windows_NT
PROCESSOR_IDENTIFIER=Intel64 Family 6 Model 61 Stepping 4, GenuineIntel



---------------  S Y S T E M  ---------------

OS:
 Windows 10 , 64 bit Build 18362 (10.0.18362.1316)
OS uptime: 0 days 23:53 hours
Hyper-V role detected

CPU: total 4 (initial active 4) (2 cores per cpu, 2 threads per core) family 6 model 61 stepping 4 microcode 0x2b, cx8, cmov, fxsr, ht, mmx, 3dnowpref, sse, sse2, sse3, ssse3, sse4.1, sse4.2, popcnt, lzcnt, tsc, tscinvbit, avx, avx2, aes, erms, clmul, bmi1, bmi2, adx, fma, vzeroupper, clflush, hv

Memory: 4k page, system-wide physical 12210M (1844M free)
TotalPageFile size 12210M (AvailPageFile size 2M)
current process WorkingSet (physical memory assigned to process): 283M, peak: 283M
current process commit charge ("private bytes"): 307M, peak: 309M

vm_info: OpenJDK 64-Bit Server VM (16.0.1+9-24) for windows-amd64 JRE (16.0.1+9-24), built on Mar 26 2021 19:30:07 by "mach5one" with MS VC++ 16.7 (VS2019)

END.
